<?xml version="1.0" encoding="UTF-8"?>
<!-- Generated by org.testng.reporters.JUnitReportReporter -->
<testsuite skipped="0" hostname="MRG-LTP-34" name="testcases.Login" tests="1" failures="0" timestamp="2020-11-03T18:37:46 IST" time="11.229" errors="0">
  <testcase name="amazonlogin" time="11.229" classname="testcases.Login"/>
  <system-out/>
</testsuite> <!-- testcases.Login -->
