<?xml version="1.0" encoding="UTF-8"?>
<!-- Generated by org.testng.reporters.JUnitReportReporter -->
<testsuite skipped="0" hostname="MRG-LTP-34" name="testcases.TC001" tests="1" failures="0" timestamp="2020-12-24T19:27:42 IST" time="4.850" errors="0">
  <testcase name="Checkcartcountbefore" time="4.850" classname="testcases.TC001"/>
</testsuite> <!-- testcases.TC001 -->
