<?xml version="1.0" encoding="UTF-8"?>
<!-- Generated by org.testng.reporters.JUnitReportReporter -->
<testsuite skipped="0" hostname="MRG-LTP-34" name="testcases.TC002" tests="1" failures="0" timestamp="2020-11-17T19:28:47 IST" time="16.048" errors="0">
  <testcase name="Clickaddtocart" time="16.048" classname="testcases.TC002"/>
</testsuite> <!-- testcases.TC002 -->
