<?xml version="1.0" encoding="UTF-8"?>
<!-- Generated by org.testng.reporters.JUnitReportReporter -->
<testsuite skipped="0" hostname="MRG-LTP-34" name="testcases.TC002" tests="1" failures="0" timestamp="2020-12-24T19:27:42 IST" time="30.662" errors="0">
  <testcase name="Clickaddtocart" time="30.662" classname="testcases.TC002"/>
</testsuite> <!-- testcases.TC002 -->
