<?xml version="1.0" encoding="UTF-8"?>
<!-- Generated by org.testng.reporters.JUnitReportReporter -->
<testsuite skipped="0" hostname="MRG-LTP-34" name="testcases.TC001" tests="1" failures="0" timestamp="2020-11-17T19:28:47 IST" time="3.594" errors="0">
  <testcase name="Checkcartcountbefore" time="3.594" classname="testcases.TC001"/>
</testsuite> <!-- testcases.TC001 -->
